<?xml version="1.0" encoding="UTF-8"?>
<testsuites>
  <testsuite>
    
      
        <testcase classname="test" name="test.js">
        </testcase>
      
    
  </testsuite>
</testsuites>